<?xml version="1.0" encoding="utf-8"?><testsuites><testsuite name="pytest" errors="0" failures="0" skipped="0" tests="3" time="1.291" timestamp="2024-05-13T13:23:12.290677" hostname="ce382126f920"><testcase classname="tests.test_prediction" name="test_single_pred_not_none" time="0.025" /><testcase classname="tests.test_prediction" name="test_single_pred_str_type" time="0.022" /><testcase classname="tests.test_prediction" name="test_single_pred_validate" time="0.023" /></testsuite></testsuites>